<?xml version="1.0" encoding="UTF-8"?>
<!-- Generated by org.testng.reporters.JUnitReportReporter -->
<testsuite hostname="DESKTOP-41IG0QQ" failures="0" tests="1" name="com.naveenautomations.Tests.YourStoreTest" time="10.010" errors="0" timestamp="2022-08-21T06:27:40 EDT" skipped="0">
  <testcase classname="com.naveenautomations.Tests.YourStoreTest" name="testSomething" time="10.010"/>
  <system-out/>
</testsuite> <!-- com.naveenautomations.Tests.YourStoreTest -->
